Using pre-set license
Built from '2021.3/staging' branch; Version is '2021.3.8f1 (b30333d56e81) revision 11731763'; Using compiler version '192829333'; Build Type 'Release'
OS: 'Windows 10  (10.0.19045) 64bit Professional' Language: 'en' Physical Memory: 32694 MB
BatchMode: 1, IsHumanControllingUs: 0, StartBugReporterOnCrash: 0, Is64bit: 1, IsPro: 1

COMMAND LINE ARGUMENTS:
E:\Program Files\Unity 2021.3.8f1\Editor\Unity.exe
-adb2
-batchMode
-noUpm
-name
AssetImportWorker1
-projectPath
E:/Game Dev/RPG/Knights of the Fourth Order
-logFile
Logs/AssetImportWorker1.log
-srvPort
51876
Successfully changed project path to: E:/Game Dev/RPG/Knights of the Fourth Order
E:/Game Dev/RPG/Knights of the Fourth Order
[UnityMemory] Configuration Parameters - Can be set up in boot.config
    "memorysetup-bucket-allocator-granularity=16"
    "memorysetup-bucket-allocator-bucket-count=8"
    "memorysetup-bucket-allocator-block-size=33554432"
    "memorysetup-bucket-allocator-block-count=8"
    "memorysetup-main-allocator-block-size=16777216"
    "memorysetup-thread-allocator-block-size=16777216"
    "memorysetup-gfx-main-allocator-block-size=16777216"
    "memorysetup-gfx-thread-allocator-block-size=16777216"
    "memorysetup-cache-allocator-block-size=4194304"
    "memorysetup-typetree-allocator-block-size=2097152"
    "memorysetup-profiler-bucket-allocator-granularity=16"
    "memorysetup-profiler-bucket-allocator-bucket-count=8"
    "memorysetup-profiler-bucket-allocator-block-size=33554432"
    "memorysetup-profiler-bucket-allocator-block-count=8"
    "memorysetup-profiler-allocator-block-size=16777216"
    "memorysetup-profiler-editor-allocator-block-size=1048576"
    "memorysetup-temp-allocator-size-main=16777216"
    "memorysetup-job-temp-allocator-block-size=2097152"
    "memorysetup-job-temp-allocator-block-size-background=1048576"
    "memorysetup-job-temp-allocator-reduction-small-platforms=262144"
    "memorysetup-temp-allocator-size-background-worker=32768"
    "memorysetup-temp-allocator-size-job-worker=262144"
    "memorysetup-temp-allocator-size-preload-manager=33554432"
    "memorysetup-temp-allocator-size-nav-mesh-worker=65536"
    "memorysetup-temp-allocator-size-audio-worker=65536"
    "memorysetup-temp-allocator-size-cloud-worker=32768"
    "memorysetup-temp-allocator-size-gi-baking-worker=262144"
    "memorysetup-temp-allocator-size-gfx=262144"
Refreshing native plugins compatible for Editor in 86.20 ms, found 3 plugins.
Preloading 0 native plugins for Editor in 0.00 ms.
Initialize engine version: 2021.3.8f1 (b30333d56e81)
[Subsystems] Discovering subsystems at path E:/Program Files/Unity 2021.3.8f1/Editor/Data/Resources/UnitySubsystems
[Subsystems] Discovering subsystems at path E:/Game Dev/RPG/Knights of the Fourth Order/Assets
GfxDevice: creating device client; threaded=0; jobified=0
Direct3D:
    Version:  Direct3D 11.0 [level 11.1]
    Renderer: NVIDIA GeForce RTX 3060 Ti (ID=0x2489)
    Vendor:   NVIDIA
    VRAM:     8038 MB
    Driver:   31.0.15.3623
Initialize mono
Mono path[0] = 'E:/Program Files/Unity 2021.3.8f1/Editor/Data/Managed'
Mono path[1] = 'E:/Program Files/Unity 2021.3.8f1/Editor/Data/MonoBleedingEdge/lib/mono/unityjit-win32'
Mono config path = 'E:/Program Files/Unity 2021.3.8f1/Editor/Data/MonoBleedingEdge/etc'
Using monoOptions --debugger-agent=transport=dt_socket,embedding=1,server=y,suspend=n,address=127.0.0.1:56376
Begin MonoManager ReloadAssembly
Registering precompiled unity dll's ...
Register platform support module: E:/Program Files/Unity 2021.3.8f1/Editor/Data/PlaybackEngines/WindowsStandaloneSupport/UnityEditor.WindowsStandalone.Extensions.dll
Registered in 0.002614 seconds.
Native extension for WindowsStandalone target not found
Refreshing native plugins compatible for Editor in 75.94 ms, found 3 plugins.
Preloading 0 native plugins for Editor in 0.00 ms.
Mono: successfully reloaded assembly
- Completed reload, in  0.559 seconds
Domain Reload Profiling:
	ReloadAssembly (560ms)
		BeginReloadAssembly (74ms)
			ExecutionOrderSort (0ms)
			DisableScriptedObjects (0ms)
			BackupInstance (0ms)
			ReleaseScriptingObjects (0ms)
			CreateAndSetChildDomain (1ms)
		EndReloadAssembly (397ms)
			LoadAssemblies (74ms)
			RebuildTransferFunctionScriptingTraits (0ms)
			SetupTypeCache (87ms)
			ReleaseScriptCaches (0ms)
			RebuildScriptCaches (29ms)
			SetupLoadedEditorAssemblies (242ms)
				LogAssemblyErrors (0ms)
				InitializePlatformSupportModulesInManaged (5ms)
				SetLoadedEditorAssemblies (0ms)
				RefreshPlugins (76ms)
				BeforeProcessingInitializeOnLoad (1ms)
				ProcessInitializeOnLoadAttributes (120ms)
				ProcessInitializeOnLoadMethodAttributes (39ms)
				AfterProcessingInitializeOnLoad (0ms)
				EditorAssembliesLoaded (0ms)
			ExecutionOrderSort2 (0ms)
			AwakeInstancesAfterBackupRestoration (0ms)
Platform modules already initialized, skipping
Registering precompiled user dll's ...
Registered in 0.005877 seconds.
Begin MonoManager ReloadAssembly
Symbol file LoadedFromMemory doesn't match image E:\Game Dev\RPG\Knights of the Fourth Order\Library\PackageCache\com.unity.visualscripting@1.7.8\Editor\VisualScripting.Core\Dependencies\YamlDotNet\Unity.VisualScripting.YamlDotNet.dll
Symbol file LoadedFromMemory doesn't match image E:\Game Dev\RPG\Knights of the Fourth Order\Library\PackageCache\com.unity.visualscripting@1.7.8\Editor\VisualScripting.Core\Dependencies\DotNetZip\Unity.VisualScripting.IonicZip.dll
Native extension for WindowsStandalone target not found
Refreshing native plugins compatible for Editor in 0.52 ms, found 3 plugins.
Preloading 0 native plugins for Editor in 0.00 ms.
Mono: successfully reloaded assembly
- Completed reload, in  0.836 seconds
Domain Reload Profiling:
	ReloadAssembly (836ms)
		BeginReloadAssembly (115ms)
			ExecutionOrderSort (0ms)
			DisableScriptedObjects (5ms)
			BackupInstance (0ms)
			ReleaseScriptingObjects (0ms)
			CreateAndSetChildDomain (18ms)
		EndReloadAssembly (628ms)
			LoadAssemblies (82ms)
			RebuildTransferFunctionScriptingTraits (0ms)
			SetupTypeCache (208ms)
			ReleaseScriptCaches (1ms)
			RebuildScriptCaches (41ms)
			SetupLoadedEditorAssemblies (286ms)
				LogAssemblyErrors (0ms)
				InitializePlatformSupportModulesInManaged (4ms)
				SetLoadedEditorAssemblies (0ms)
				RefreshPlugins (1ms)
				BeforeProcessingInitializeOnLoad (71ms)
				ProcessInitializeOnLoadAttributes (183ms)
				ProcessInitializeOnLoadMethodAttributes (25ms)
				AfterProcessingInitializeOnLoad (3ms)
				EditorAssembliesLoaded (0ms)
			ExecutionOrderSort2 (0ms)
			AwakeInstancesAfterBackupRestoration (6ms)
Platform modules already initialized, skipping
========================================================================
Worker process is ready to serve import requests
Launched and connected shader compiler UnityShaderCompiler.exe after 0.03 seconds
Refreshing native plugins compatible for Editor in 0.85 ms, found 3 plugins.
Preloading 0 native plugins for Editor in 0.00 ms.
Unloading 3377 Unused Serialized files (Serialized files now loaded: 0)
Unloading 27 unused Assets / (110.9 KB). Loaded Objects now: 3835.
Memory consumption went from 116.5 MB to 116.4 MB.
Total: 3.393200 ms (FindLiveObjects: 0.429100 ms CreateObjectMapping: 0.128000 ms MarkObjects: 2.717800 ms  DeleteObjects: 0.117400 ms)

AssetImportParameters requested are different than current active one (requested -> active):
  custom:video-decoder-ogg-theora: a1e56fd34408186e4bbccfd4996cb3dc -> 
  custom:container-muxer-webm: aa71ff27fc2769a1b78a27578f13a17b -> 
  custom:container-demuxer-webm: 4f35f7cbe854078d1ac9338744f61a02 -> 
  custom:video-encoder-webm-vp8: eb34c28f22e8b96e1ab97ce403110664 -> 
  custom:audio-encoder-webm-vorbis: bf7c407c2cedff20999df2af8eb42d56 -> 
  custom:framework-win-MediaFoundation: 216162199b28c13a410421893ffa2e32 -> 
  custom:container-demuxer-ogg: 62fdf1f143b41e24485cea50d1cbac27 -> 
  custom:video-decoder-webm-vp8: 9c59270c3fd7afecdb556c50c9e8de78 -> 
  custom:audio-decoder-ogg-vorbis: bf7c407c2cedff20999df2af8eb42d56 -> 
========================================================================
Received Import Request.
  Time since last request: 253259.568374 seconds.
  path: Assets/Materials/Wood.mat
  artifactKey: Guid(eb962fd7e84fd004285fb15abc442800) Importer(815301076,1909f56bfc062723c751e8b465ee728b)
Start importing Assets/Materials/Wood.mat using Guid(eb962fd7e84fd004285fb15abc442800) Importer(815301076,1909f56bfc062723c751e8b465ee728b)  -> (artifact id: 'd8fd4e8fb4b42dd689bd3c142dac27c2') in 0.169369 seconds 
========================================================================
Received Import Request.
  Time since last request: 40.304868 seconds.
  path: Assets/Materials/Wood.mat
  artifactKey: Guid(eb962fd7e84fd004285fb15abc442800) Importer(815301076,1909f56bfc062723c751e8b465ee728b)
Start importing Assets/Materials/Wood.mat using Guid(eb962fd7e84fd004285fb15abc442800) Importer(815301076,1909f56bfc062723c751e8b465ee728b)  -> (artifact id: 'da790828325b983b12d047aac5316083') in 0.023459 seconds 
========================================================================
Received Import Request.
  Time since last request: 15.752093 seconds.
  path: Assets/Materials/Wood.mat
  artifactKey: Guid(eb962fd7e84fd004285fb15abc442800) Importer(815301076,1909f56bfc062723c751e8b465ee728b)
Start importing Assets/Materials/Wood.mat using Guid(eb962fd7e84fd004285fb15abc442800) Importer(815301076,1909f56bfc062723c751e8b465ee728b)  -> (artifact id: '0acce8201ea0ba70952efa8b7612bebb') in 0.020700 seconds 
========================================================================
Received Import Request.
  Time since last request: 12.469097 seconds.
  path: Assets/Materials/Wood.mat
  artifactKey: Guid(eb962fd7e84fd004285fb15abc442800) Importer(815301076,1909f56bfc062723c751e8b465ee728b)
Start importing Assets/Materials/Wood.mat using Guid(eb962fd7e84fd004285fb15abc442800) Importer(815301076,1909f56bfc062723c751e8b465ee728b)  -> (artifact id: 'b98c205e8f24f816d781030d8f0f58e5') in 0.073326 seconds 
========================================================================
Received Import Request.
  Time since last request: 14.200181 seconds.
  path: Assets/Materials/Wood.mat
  artifactKey: Guid(eb962fd7e84fd004285fb15abc442800) Importer(815301076,1909f56bfc062723c751e8b465ee728b)
Start importing Assets/Materials/Wood.mat using Guid(eb962fd7e84fd004285fb15abc442800) Importer(815301076,1909f56bfc062723c751e8b465ee728b)  -> (artifact id: '230531efd2f437d2d6829f0f30f7031e') in 0.071354 seconds 
========================================================================
Received Import Request.
  Time since last request: 137.447824 seconds.
  path: Assets/Buildings/House1.fbx
  artifactKey: Guid(b28a92421ba0e154f8eb5760868e8f05) Importer(815301076,1909f56bfc062723c751e8b465ee728b)
Start importing Assets/Buildings/House1.fbx using Guid(b28a92421ba0e154f8eb5760868e8f05) Importer(815301076,1909f56bfc062723c751e8b465ee728b)  -> (artifact id: '8fddbb780bc8aa6d7ca50b265e0fe399') in 0.114783 seconds 
========================================================================
Received Import Request.
  Time since last request: 0.000031 seconds.
  path: Assets/Buildings/House6.fbx
  artifactKey: Guid(dd6609d3a03d84b4ab458914f89d6eb3) Importer(815301076,1909f56bfc062723c751e8b465ee728b)
Start importing Assets/Buildings/House6.fbx using Guid(dd6609d3a03d84b4ab458914f89d6eb3) Importer(815301076,1909f56bfc062723c751e8b465ee728b)  -> (artifact id: 'b21addaea965197a6cbe22b5e3ecfe55') in 0.065125 seconds 
========================================================================
Received Import Request.
  Time since last request: 0.000048 seconds.
  path: Assets/Buildings/House10.fbx
  artifactKey: Guid(f60d5ea9629586b4090c63b33c2f05f7) Importer(815301076,1909f56bfc062723c751e8b465ee728b)
Start importing Assets/Buildings/House10.fbx using Guid(f60d5ea9629586b4090c63b33c2f05f7) Importer(815301076,1909f56bfc062723c751e8b465ee728b)  -> (artifact id: '56983da8349b537799295beef422e6a2') in 0.103424 seconds 
========================================================================
Received Import Request.
  Time since last request: 0.000031 seconds.
  path: Assets/Buildings/House5.fbx
  artifactKey: Guid(7b595a1763b946440afcb4769f7f6e8e) Importer(815301076,1909f56bfc062723c751e8b465ee728b)
Start importing Assets/Buildings/House5.fbx using Guid(7b595a1763b946440afcb4769f7f6e8e) Importer(815301076,1909f56bfc062723c751e8b465ee728b)  -> (artifact id: '7bfb3f72864cd80cec253a72189c34a0') in 0.078917 seconds 
========================================================================
Received Import Request.
  Time since last request: 0.000026 seconds.
  path: Assets/Buildings/House6 V2.fbx
  artifactKey: Guid(94aa1a6089ec46d4b8dc7db87b9ce16d) Importer(815301076,1909f56bfc062723c751e8b465ee728b)
Start importing Assets/Buildings/House6 V2.fbx using Guid(94aa1a6089ec46d4b8dc7db87b9ce16d) Importer(815301076,1909f56bfc062723c751e8b465ee728b)  -> (artifact id: 'a7d69d4723158e0585df6366053f28f5') in 0.086250 seconds 
========================================================================
Received Import Request.
  Time since last request: 0.000026 seconds.
  path: Assets/Buildings/House4.fbx
  artifactKey: Guid(71b9dfb862980474fbe9491101b854e1) Importer(815301076,1909f56bfc062723c751e8b465ee728b)
Start importing Assets/Buildings/House4.fbx using Guid(71b9dfb862980474fbe9491101b854e1) Importer(815301076,1909f56bfc062723c751e8b465ee728b)  -> (artifact id: '3715ee6d3788bcb9c3f91d90d8138f89') in 0.066185 seconds 
========================================================================
Received Import Request.
  Time since last request: 0.000033 seconds.
  path: Assets/Buildings/House7.fbx
  artifactKey: Guid(f1ac6652f6c8c3f4fbb249a880fb549b) Importer(815301076,1909f56bfc062723c751e8b465ee728b)
Start importing Assets/Buildings/House7.fbx using Guid(f1ac6652f6c8c3f4fbb249a880fb549b) Importer(815301076,1909f56bfc062723c751e8b465ee728b)  -> (artifact id: 'b6a73a0b4c67d49a027da6bf5bee979f') in 0.052852 seconds 
Editor requested this worker to shutdown with reason: Scaling down because of idle timeout
AssetImportWorker is now disconnected from the server
Process exiting
Exiting without the bug reporter. Application will terminate with return code 0