Using pre-set license
Built from '2021.3/staging' branch; Version is '2021.3.8f1 (b30333d56e81) revision 11731763'; Using compiler version '192829333'; Build Type 'Release'
OS: 'Windows 10  (10.0.19045) 64bit Professional' Language: 'en' Physical Memory: 32694 MB
BatchMode: 1, IsHumanControllingUs: 0, StartBugReporterOnCrash: 0, Is64bit: 1, IsPro: 1

COMMAND LINE ARGUMENTS:
E:\Program Files\Unity 2021.3.8f1\Editor\Unity.exe
-adb2
-batchMode
-noUpm
-name
AssetImportWorker0
-projectPath
E:/Game Dev/RPG/Knights of the Fourth Order
-logFile
Logs/AssetImportWorker0.log
-srvPort
59883
Successfully changed project path to: E:/Game Dev/RPG/Knights of the Fourth Order
E:/Game Dev/RPG/Knights of the Fourth Order
[UnityMemory] Configuration Parameters - Can be set up in boot.config
    "memorysetup-bucket-allocator-granularity=16"
    "memorysetup-bucket-allocator-bucket-count=8"
    "memorysetup-bucket-allocator-block-size=33554432"
    "memorysetup-bucket-allocator-block-count=8"
    "memorysetup-main-allocator-block-size=16777216"
    "memorysetup-thread-allocator-block-size=16777216"
    "memorysetup-gfx-main-allocator-block-size=16777216"
    "memorysetup-gfx-thread-allocator-block-size=16777216"
    "memorysetup-cache-allocator-block-size=4194304"
    "memorysetup-typetree-allocator-block-size=2097152"
    "memorysetup-profiler-bucket-allocator-granularity=16"
    "memorysetup-profiler-bucket-allocator-bucket-count=8"
    "memorysetup-profiler-bucket-allocator-block-size=33554432"
    "memorysetup-profiler-bucket-allocator-block-count=8"
    "memorysetup-profiler-allocator-block-size=16777216"
    "memorysetup-profiler-editor-allocator-block-size=1048576"
    "memorysetup-temp-allocator-size-main=16777216"
    "memorysetup-job-temp-allocator-block-size=2097152"
    "memorysetup-job-temp-allocator-block-size-background=1048576"
    "memorysetup-job-temp-allocator-reduction-small-platforms=262144"
    "memorysetup-temp-allocator-size-background-worker=32768"
    "memorysetup-temp-allocator-size-job-worker=262144"
    "memorysetup-temp-allocator-size-preload-manager=33554432"
    "memorysetup-temp-allocator-size-nav-mesh-worker=65536"
    "memorysetup-temp-allocator-size-audio-worker=65536"
    "memorysetup-temp-allocator-size-cloud-worker=32768"
    "memorysetup-temp-allocator-size-gi-baking-worker=262144"
    "memorysetup-temp-allocator-size-gfx=262144"
Refreshing native plugins compatible for Editor in 77.02 ms, found 3 plugins.
Preloading 0 native plugins for Editor in 0.00 ms.
Initialize engine version: 2021.3.8f1 (b30333d56e81)
[Subsystems] Discovering subsystems at path E:/Program Files/Unity 2021.3.8f1/Editor/Data/Resources/UnitySubsystems
[Subsystems] Discovering subsystems at path E:/Game Dev/RPG/Knights of the Fourth Order/Assets
GfxDevice: creating device client; threaded=0; jobified=0
Direct3D:
    Version:  Direct3D 11.0 [level 11.1]
    Renderer: NVIDIA GeForce RTX 3060 Ti (ID=0x2489)
    Vendor:   NVIDIA
    VRAM:     8038 MB
    Driver:   31.0.15.3623
Initialize mono
Mono path[0] = 'E:/Program Files/Unity 2021.3.8f1/Editor/Data/Managed'
Mono path[1] = 'E:/Program Files/Unity 2021.3.8f1/Editor/Data/MonoBleedingEdge/lib/mono/unityjit-win32'
Mono config path = 'E:/Program Files/Unity 2021.3.8f1/Editor/Data/MonoBleedingEdge/etc'
Using monoOptions --debugger-agent=transport=dt_socket,embedding=1,server=y,suspend=n,address=127.0.0.1:56608
Begin MonoManager ReloadAssembly
Registering precompiled unity dll's ...
Register platform support module: E:/Program Files/Unity 2021.3.8f1/Editor/Data/PlaybackEngines/WindowsStandaloneSupport/UnityEditor.WindowsStandalone.Extensions.dll
Registered in 0.002700 seconds.
Native extension for WindowsStandalone target not found
Refreshing native plugins compatible for Editor in 91.56 ms, found 3 plugins.
Preloading 0 native plugins for Editor in 0.00 ms.
Mono: successfully reloaded assembly
- Completed reload, in  0.725 seconds
Domain Reload Profiling:
	ReloadAssembly (725ms)
		BeginReloadAssembly (93ms)
			ExecutionOrderSort (0ms)
			DisableScriptedObjects (0ms)
			BackupInstance (0ms)
			ReleaseScriptingObjects (0ms)
			CreateAndSetChildDomain (1ms)
		EndReloadAssembly (526ms)
			LoadAssemblies (95ms)
			RebuildTransferFunctionScriptingTraits (0ms)
			SetupTypeCache (192ms)
			ReleaseScriptCaches (0ms)
			RebuildScriptCaches (25ms)
			SetupLoadedEditorAssemblies (265ms)
				LogAssemblyErrors (0ms)
				InitializePlatformSupportModulesInManaged (6ms)
				SetLoadedEditorAssemblies (0ms)
				RefreshPlugins (92ms)
				BeforeProcessingInitializeOnLoad (2ms)
				ProcessInitializeOnLoadAttributes (129ms)
				ProcessInitializeOnLoadMethodAttributes (37ms)
				AfterProcessingInitializeOnLoad (0ms)
				EditorAssembliesLoaded (0ms)
			ExecutionOrderSort2 (0ms)
			AwakeInstancesAfterBackupRestoration (0ms)
Platform modules already initialized, skipping
Registering precompiled user dll's ...
Registered in 0.005948 seconds.
Begin MonoManager ReloadAssembly
Symbol file LoadedFromMemory doesn't match image E:\Game Dev\RPG\Knights of the Fourth Order\Library\PackageCache\com.unity.visualscripting@1.7.8\Editor\VisualScripting.Core\Dependencies\YamlDotNet\Unity.VisualScripting.YamlDotNet.dll
Symbol file LoadedFromMemory doesn't match image E:\Game Dev\RPG\Knights of the Fourth Order\Library\PackageCache\com.unity.visualscripting@1.7.8\Editor\VisualScripting.Core\Dependencies\DotNetZip\Unity.VisualScripting.IonicZip.dll
Native extension for WindowsStandalone target not found
Refreshing native plugins compatible for Editor in 0.53 ms, found 3 plugins.
Preloading 0 native plugins for Editor in 0.00 ms.
Mono: successfully reloaded assembly
- Completed reload, in  0.871 seconds
Domain Reload Profiling:
	ReloadAssembly (872ms)
		BeginReloadAssembly (120ms)
			ExecutionOrderSort (0ms)
			DisableScriptedObjects (5ms)
			BackupInstance (0ms)
			ReleaseScriptingObjects (0ms)
			CreateAndSetChildDomain (18ms)
		EndReloadAssembly (659ms)
			LoadAssemblies (104ms)
			RebuildTransferFunctionScriptingTraits (0ms)
			SetupTypeCache (219ms)
			ReleaseScriptCaches (1ms)
			RebuildScriptCaches (43ms)
			SetupLoadedEditorAssemblies (291ms)
				LogAssemblyErrors (0ms)
				InitializePlatformSupportModulesInManaged (4ms)
				SetLoadedEditorAssemblies (0ms)
				RefreshPlugins (1ms)
				BeforeProcessingInitializeOnLoad (72ms)
				ProcessInitializeOnLoadAttributes (187ms)
				ProcessInitializeOnLoadMethodAttributes (24ms)
				AfterProcessingInitializeOnLoad (3ms)
				EditorAssembliesLoaded (0ms)
			ExecutionOrderSort2 (0ms)
			AwakeInstancesAfterBackupRestoration (6ms)
Platform modules already initialized, skipping
========================================================================
Worker process is ready to serve import requests
Launched and connected shader compiler UnityShaderCompiler.exe after 0.06 seconds
Refreshing native plugins compatible for Editor in 0.73 ms, found 3 plugins.
Preloading 0 native plugins for Editor in 0.00 ms.
Unloading 3377 Unused Serialized files (Serialized files now loaded: 0)
Unloading 27 unused Assets / (110.9 KB). Loaded Objects now: 3835.
Memory consumption went from 116.4 MB to 116.3 MB.
Total: 2.990000 ms (FindLiveObjects: 0.357600 ms CreateObjectMapping: 0.093000 ms MarkObjects: 2.440100 ms  DeleteObjects: 0.098500 ms)

AssetImportParameters requested are different than current active one (requested -> active):
  custom:video-decoder-ogg-theora: a1e56fd34408186e4bbccfd4996cb3dc -> 
  custom:container-muxer-webm: aa71ff27fc2769a1b78a27578f13a17b -> 
  custom:container-demuxer-webm: 4f35f7cbe854078d1ac9338744f61a02 -> 
  custom:video-encoder-webm-vp8: eb34c28f22e8b96e1ab97ce403110664 -> 
  custom:audio-encoder-webm-vorbis: bf7c407c2cedff20999df2af8eb42d56 -> 
  custom:framework-win-MediaFoundation: 216162199b28c13a410421893ffa2e32 -> 
  custom:container-demuxer-ogg: 62fdf1f143b41e24485cea50d1cbac27 -> 
  custom:video-decoder-webm-vp8: 9c59270c3fd7afecdb556c50c9e8de78 -> 
  custom:audio-decoder-ogg-vorbis: bf7c407c2cedff20999df2af8eb42d56 -> 
========================================================================
Received Import Request.
  Time since last request: 175752.319550 seconds.
  path: Assets/House2.fbx
  artifactKey: Guid(e7fec5425d26ad242b2a5877203827dc) Importer(815301076,1909f56bfc062723c751e8b465ee728b)
Start importing Assets/House2.fbx using Guid(e7fec5425d26ad242b2a5877203827dc) Importer(815301076,1909f56bfc062723c751e8b465ee728b)  -> (artifact id: '3a5304c180cc20ebce14f9c6df39bbc6') in 0.262379 seconds 
========================================================================
Received Import Request.
  Time since last request: 439.321366 seconds.
  path: Assets/House3.fbx
  artifactKey: Guid(8a338cfcd151bc64cafdaf72ccfb5cca) Importer(815301076,1909f56bfc062723c751e8b465ee728b)
Start importing Assets/House3.fbx using Guid(8a338cfcd151bc64cafdaf72ccfb5cca) Importer(815301076,1909f56bfc062723c751e8b465ee728b)  -> (artifact id: '52521087f2c2654fb1ed97175ca6f7cf') in 0.046754 seconds 
========================================================================
Received Import Request.
  Time since last request: 428.584541 seconds.
  path: Assets/House4.fbx
  artifactKey: Guid(71b9dfb862980474fbe9491101b854e1) Importer(815301076,1909f56bfc062723c751e8b465ee728b)
Start importing Assets/House4.fbx using Guid(71b9dfb862980474fbe9491101b854e1) Importer(815301076,1909f56bfc062723c751e8b465ee728b)  -> (artifact id: '899f3e3ceb3a284846dc74f559808c97') in 0.047125 seconds 
========================================================================
Received Import Request.
  Time since last request: 198.274776 seconds.
  path: Assets/House5.fbx
  artifactKey: Guid(7b595a1763b946440afcb4769f7f6e8e) Importer(815301076,1909f56bfc062723c751e8b465ee728b)
Start importing Assets/House5.fbx using Guid(7b595a1763b946440afcb4769f7f6e8e) Importer(815301076,1909f56bfc062723c751e8b465ee728b)  -> (artifact id: 'e6f46e4bd1ea0889ed4710585772fd3b') in 0.047293 seconds 
========================================================================
Received Import Request.
  Time since last request: 60.421827 seconds.
  path: Assets/House5.fbx
  artifactKey: Guid(7b595a1763b946440afcb4769f7f6e8e) Importer(815301076,1909f56bfc062723c751e8b465ee728b)
Start importing Assets/House5.fbx using Guid(7b595a1763b946440afcb4769f7f6e8e) Importer(815301076,1909f56bfc062723c751e8b465ee728b)  -> (artifact id: '07a1724ed94f3ff26c68bd310bee972b') in 0.054469 seconds 
========================================================================
Received Import Request.
  Time since last request: 34.240177 seconds.
  path: Assets/House5.fbx
  artifactKey: Guid(7b595a1763b946440afcb4769f7f6e8e) Importer(815301076,1909f56bfc062723c751e8b465ee728b)
Start importing Assets/House5.fbx using Guid(7b595a1763b946440afcb4769f7f6e8e) Importer(815301076,1909f56bfc062723c751e8b465ee728b)  -> (artifact id: 'b21ae583172c96fe05becef1bc5061bc') in 0.046223 seconds 
========================================================================
Received Import Request.
  Time since last request: 154.896550 seconds.
  path: Assets/House6.fbx
  artifactKey: Guid(dd6609d3a03d84b4ab458914f89d6eb3) Importer(815301076,1909f56bfc062723c751e8b465ee728b)
Start importing Assets/House6.fbx using Guid(dd6609d3a03d84b4ab458914f89d6eb3) Importer(815301076,1909f56bfc062723c751e8b465ee728b)  -> (artifact id: 'f02d94e885eb9a32531b886cd055ee38') in 0.056040 seconds 
========================================================================
Received Import Request.
  Time since last request: 247.170393 seconds.
  path: Assets/House7.fbx
  artifactKey: Guid(f1ac6652f6c8c3f4fbb249a880fb549b) Importer(815301076,1909f56bfc062723c751e8b465ee728b)
Start importing Assets/House7.fbx using Guid(f1ac6652f6c8c3f4fbb249a880fb549b) Importer(815301076,1909f56bfc062723c751e8b465ee728b)  -> (artifact id: '4fe2636726f6a82349f534f93387eba7') in 0.045896 seconds 
========================================================================
Received Import Request.
  Time since last request: 379.850132 seconds.
  path: Assets/House8.fbx
  artifactKey: Guid(882ca6f1281cf1e40b409c81d5380243) Importer(815301076,1909f56bfc062723c751e8b465ee728b)
Start importing Assets/House8.fbx using Guid(882ca6f1281cf1e40b409c81d5380243) Importer(815301076,1909f56bfc062723c751e8b465ee728b)  -> (artifact id: 'df4528659caa511d95624396dccf2ee6') in 0.046455 seconds 
========================================================================
Received Import Request.
  Time since last request: 15.120581 seconds.
  path: Assets/Buildings
  artifactKey: Guid(057d53a6b20e2f646acc57e7e67a4433) Importer(815301076,1909f56bfc062723c751e8b465ee728b)
Start importing Assets/Buildings using Guid(057d53a6b20e2f646acc57e7e67a4433) Importer(815301076,1909f56bfc062723c751e8b465ee728b)  -> (artifact id: 'c612e2a1378608f041ef3d61b370d757') in 0.007635 seconds 
========================================================================
Received Import Request.
  Time since last request: 581.961210 seconds.
  path: Assets/Buildings/Castle.fbx
  artifactKey: Guid(98c2fbae8defc9149b7485a3a46dd650) Importer(815301076,1909f56bfc062723c751e8b465ee728b)
Start importing Assets/Buildings/Castle.fbx using Guid(98c2fbae8defc9149b7485a3a46dd650) Importer(815301076,1909f56bfc062723c751e8b465ee728b)  -> (artifact id: 'd78f5f9c14f1e075c171510ba66573b7') in 0.036471 seconds 
========================================================================
Received Import Request.
  Time since last request: 170.020864 seconds.
  path: Assets/Buildings/House9.fbx
  artifactKey: Guid(4460f0f96d26e834f9cf507da7de0e1b) Importer(815301076,1909f56bfc062723c751e8b465ee728b)
Start importing Assets/Buildings/House9.fbx using Guid(4460f0f96d26e834f9cf507da7de0e1b) Importer(815301076,1909f56bfc062723c751e8b465ee728b)  -> (artifact id: 'c4fa277d463f8ab631aab2fbfeb399ce') in 0.074569 seconds 
========================================================================
Received Import Request.
  Time since last request: 195.878836 seconds.
  path: Assets/Buildings/Blacksmith.fbx
  artifactKey: Guid(b370ee3dceac7bb4693d96943a5c097b) Importer(815301076,1909f56bfc062723c751e8b465ee728b)
Start importing Assets/Buildings/Blacksmith.fbx using Guid(b370ee3dceac7bb4693d96943a5c097b) Importer(815301076,1909f56bfc062723c751e8b465ee728b)  -> (artifact id: 'b3acf51a5575e128a4ee19c71ec3fe50') in 0.105240 seconds 
========================================================================
Received Import Request.
  Time since last request: 136.248142 seconds.
  path: Assets/Buildings/Blacksmith.fbx
  artifactKey: Guid(b370ee3dceac7bb4693d96943a5c097b) Importer(815301076,1909f56bfc062723c751e8b465ee728b)
Start importing Assets/Buildings/Blacksmith.fbx using Guid(b370ee3dceac7bb4693d96943a5c097b) Importer(815301076,1909f56bfc062723c751e8b465ee728b)  -> (artifact id: 'f82b47ac6c38241b32a6215b82ce69ae') in 0.058744 seconds 
========================================================================
Received Import Request.
  Time since last request: 23.824162 seconds.
  path: Assets/Buildings/Blacksmith.fbx
  artifactKey: Guid(b370ee3dceac7bb4693d96943a5c097b) Importer(815301076,1909f56bfc062723c751e8b465ee728b)
Start importing Assets/Buildings/Blacksmith.fbx using Guid(b370ee3dceac7bb4693d96943a5c097b) Importer(815301076,1909f56bfc062723c751e8b465ee728b)  -> (artifact id: 'e294378f003243c1b874a6490358b073') in 0.067134 seconds 
========================================================================
Received Import Request.
  Time since last request: 41.609358 seconds.
  path: Assets/Buildings/Blacksmith.fbx
  artifactKey: Guid(b370ee3dceac7bb4693d96943a5c097b) Importer(815301076,1909f56bfc062723c751e8b465ee728b)
Start importing Assets/Buildings/Blacksmith.fbx using Guid(b370ee3dceac7bb4693d96943a5c097b) Importer(815301076,1909f56bfc062723c751e8b465ee728b)  -> (artifact id: '37a0bc89b468b59c1aa120a089d0311f') in 0.076959 seconds 
========================================================================
Received Import Request.
  Time since last request: 182.157484 seconds.
  path: Assets/Buildings/House10.fbx
  artifactKey: Guid(f60d5ea9629586b4090c63b33c2f05f7) Importer(815301076,1909f56bfc062723c751e8b465ee728b)
Start importing Assets/Buildings/House10.fbx using Guid(f60d5ea9629586b4090c63b33c2f05f7) Importer(815301076,1909f56bfc062723c751e8b465ee728b)  -> (artifact id: '1e31858518c1fd24684d40e05a423ff8') in 0.065634 seconds 
========================================================================
Received Import Request.
  Time since last request: 278.984961 seconds.
  path: Assets/Buildings/House11.fbx
  artifactKey: Guid(a62adac21afed46428c7d97ac0db5178) Importer(815301076,1909f56bfc062723c751e8b465ee728b)
Start importing Assets/Buildings/House11.fbx using Guid(a62adac21afed46428c7d97ac0db5178) Importer(815301076,1909f56bfc062723c751e8b465ee728b)  -> (artifact id: 'aa664384410833d9c3855ff0a7258ca6') in 0.066032 seconds 
========================================================================
Received Import Request.
  Time since last request: 176.020625 seconds.
  path: Assets/Buildings/Walls.fbx
  artifactKey: Guid(edbc8b19755d5a5498cccc45be8f2214) Importer(815301076,1909f56bfc062723c751e8b465ee728b)
Start importing Assets/Buildings/Walls.fbx using Guid(edbc8b19755d5a5498cccc45be8f2214) Importer(815301076,1909f56bfc062723c751e8b465ee728b)  -> (artifact id: '1b295a5bee480c793429256bc4af1c1f') in 0.031509 seconds 
========================================================================
Received Import Request.
  Time since last request: 86.186642 seconds.
  path: Assets/Buildings/Tree.fbx
  artifactKey: Guid(50e80e10805ab114abdcecf40fe769eb) Importer(815301076,1909f56bfc062723c751e8b465ee728b)
Start importing Assets/Buildings/Tree.fbx using Guid(50e80e10805ab114abdcecf40fe769eb) Importer(815301076,1909f56bfc062723c751e8b465ee728b)  -> (artifact id: '4c73631e2b3b6a8ac830fc21a2ba9e8b') in 0.033703 seconds 
========================================================================
Received Import Request.
  Time since last request: 55.621654 seconds.
  path: Assets/Buildings/Tree2.fbx
  artifactKey: Guid(d4c9228c0c91d5744b97cc360cf07fe1) Importer(815301076,1909f56bfc062723c751e8b465ee728b)
Start importing Assets/Buildings/Tree2.fbx using Guid(d4c9228c0c91d5744b97cc360cf07fe1) Importer(815301076,1909f56bfc062723c751e8b465ee728b)  -> (artifact id: '611cf0f622873ccd40111f9044b68628') in 0.030220 seconds 
========================================================================
Received Import Request.
  Time since last request: 47.893040 seconds.
  path: Assets/Buildings/Tree3.fbx
  artifactKey: Guid(c9dfa4fdbb4de4c4b95c7bf3b877e0a8) Importer(815301076,1909f56bfc062723c751e8b465ee728b)
Start importing Assets/Buildings/Tree3.fbx using Guid(c9dfa4fdbb4de4c4b95c7bf3b877e0a8) Importer(815301076,1909f56bfc062723c751e8b465ee728b)  -> (artifact id: 'ac6e96ca8f47d5f30ded6a9bee93ba36') in 0.033755 seconds 
========================================================================
Received Import Request.
  Time since last request: 30.666082 seconds.
  path: Assets/New Folder
  artifactKey: Guid(ae21547dbf5997d4a8eef267aded128e) Importer(815301076,1909f56bfc062723c751e8b465ee728b)
Start importing Assets/New Folder using Guid(ae21547dbf5997d4a8eef267aded128e) Importer(815301076,1909f56bfc062723c751e8b465ee728b)  -> (artifact id: '5f1782cc092cf08e11a8e7013410170c') in 0.008365 seconds 
========================================================================
Received Import Request.
  Time since last request: 42.425498 seconds.
  path: Assets/Buildings/Bridge.fbx
  artifactKey: Guid(69fece943b4d3d14aa1a87828889622c) Importer(815301076,1909f56bfc062723c751e8b465ee728b)
Start importing Assets/Buildings/Bridge.fbx using Guid(69fece943b4d3d14aa1a87828889622c) Importer(815301076,1909f56bfc062723c751e8b465ee728b)  -> (artifact id: 'b4f47186ae8bbfaccc4033704c7ef7a1') in 0.024074 seconds 
========================================================================
Received Import Request.
  Time since last request: 37.934422 seconds.
  path: Assets/Buildings/Bridge2.fbx
  artifactKey: Guid(b06986dcd741bb649aa39f8615882254) Importer(815301076,1909f56bfc062723c751e8b465ee728b)
Start importing Assets/Buildings/Bridge2.fbx using Guid(b06986dcd741bb649aa39f8615882254) Importer(815301076,1909f56bfc062723c751e8b465ee728b)  -> (artifact id: 'f7071dcd0f881a52ee6063d094130046') in 0.026366 seconds 
========================================================================
Received Import Request.
  Time since last request: 548.585275 seconds.
  path: Assets/Blank house test.fbx
  artifactKey: Guid(267906dcf2b471c42a76a75b93b24cce) Importer(815301076,1909f56bfc062723c751e8b465ee728b)
Start importing Assets/Blank house test.fbx using Guid(267906dcf2b471c42a76a75b93b24cce) Importer(815301076,1909f56bfc062723c751e8b465ee728b)  -> (artifact id: 'd1507ce78ccb1d29951785f647da4a24') in 0.018841 seconds 
========================================================================
Received Import Request.
  Time since last request: 539.779351 seconds.
  path: Assets/Blank house test.fbx
  artifactKey: Guid(267906dcf2b471c42a76a75b93b24cce) Importer(815301076,1909f56bfc062723c751e8b465ee728b)
Start importing Assets/Blank house test.fbx using Guid(267906dcf2b471c42a76a75b93b24cce) Importer(815301076,1909f56bfc062723c751e8b465ee728b)  -> (artifact id: 'c1f5dc9f107874c2c3011b7acf6f34e7') in 0.012435 seconds 
========================================================================
Received Import Request.
  Time since last request: 435.726026 seconds.
  path: Assets/Buildings/House9 V2.fbx
  artifactKey: Guid(b868174a2f68b174f981fbf7540a33cb) Importer(815301076,1909f56bfc062723c751e8b465ee728b)
Start importing Assets/Buildings/House9 V2.fbx using Guid(b868174a2f68b174f981fbf7540a33cb) Importer(815301076,1909f56bfc062723c751e8b465ee728b)  -> (artifact id: '485e41b1342f26961eecd1230656284d') in 0.062614 seconds 
========================================================================
Received Import Request.
  Time since last request: 216.153721 seconds.
  path: Assets/Buildings/House9 V2.fbx
  artifactKey: Guid(b868174a2f68b174f981fbf7540a33cb) Importer(815301076,1909f56bfc062723c751e8b465ee728b)
Start importing Assets/Buildings/House9 V2.fbx using Guid(b868174a2f68b174f981fbf7540a33cb) Importer(815301076,1909f56bfc062723c751e8b465ee728b)  -> (artifact id: 'b34bcb975241613696ed44bda5d2673d') in 0.202761 seconds 
========================================================================
Received Import Request.
  Time since last request: 45.504544 seconds.
  path: Assets/Buildings/House9 V2.fbx
  artifactKey: Guid(b868174a2f68b174f981fbf7540a33cb) Importer(815301076,1909f56bfc062723c751e8b465ee728b)
Start importing Assets/Buildings/House9 V2.fbx using Guid(b868174a2f68b174f981fbf7540a33cb) Importer(815301076,1909f56bfc062723c751e8b465ee728b)  -> (artifact id: '4c78502680f1acc5d47be9857c9edf7b') in 0.091249 seconds 
========================================================================
Received Import Request.
  Time since last request: 416.897477 seconds.
  path: Assets/Buildings/Blacksmith V2.fbx
  artifactKey: Guid(30f6d7e4c729695419449da706b3de46) Importer(815301076,1909f56bfc062723c751e8b465ee728b)
Start importing Assets/Buildings/Blacksmith V2.fbx using Guid(30f6d7e4c729695419449da706b3de46) Importer(815301076,1909f56bfc062723c751e8b465ee728b)  -> (artifact id: 'd984569ffd39a9906c4bc058cf983dde') in 0.085847 seconds 
