Using pre-set license
Built from '2021.3/staging' branch; Version is '2021.3.8f1 (b30333d56e81) revision 11731763'; Using compiler version '192829333'; Build Type 'Release'
OS: 'Windows 11  (10.0.22631) 64bit Core' Language: 'en' Physical Memory: 65298 MB
BatchMode: 1, IsHumanControllingUs: 0, StartBugReporterOnCrash: 0, Is64bit: 1, IsPro: 1

COMMAND LINE ARGUMENTS:
C:\Program Files\Unity\Hub\Editor\2021.3.8f1\Editor\Unity.exe
-adb2
-batchMode
-noUpm
-name
AssetImportWorker0
-projectPath
C:/KOTFO/RPG/Knights of the Fourth Order
-logFile
Logs/AssetImportWorker0.log
-srvPort
59904
Successfully changed project path to: C:/KOTFO/RPG/Knights of the Fourth Order
C:/KOTFO/RPG/Knights of the Fourth Order
[UnityMemory] Configuration Parameters - Can be set up in boot.config
    "memorysetup-bucket-allocator-granularity=16"
    "memorysetup-bucket-allocator-bucket-count=8"
    "memorysetup-bucket-allocator-block-size=33554432"
    "memorysetup-bucket-allocator-block-count=8"
    "memorysetup-main-allocator-block-size=16777216"
    "memorysetup-thread-allocator-block-size=16777216"
    "memorysetup-gfx-main-allocator-block-size=16777216"
    "memorysetup-gfx-thread-allocator-block-size=16777216"
    "memorysetup-cache-allocator-block-size=4194304"
    "memorysetup-typetree-allocator-block-size=2097152"
    "memorysetup-profiler-bucket-allocator-granularity=16"
    "memorysetup-profiler-bucket-allocator-bucket-count=8"
    "memorysetup-profiler-bucket-allocator-block-size=33554432"
    "memorysetup-profiler-bucket-allocator-block-count=8"
    "memorysetup-profiler-allocator-block-size=16777216"
    "memorysetup-profiler-editor-allocator-block-size=1048576"
    "memorysetup-temp-allocator-size-main=16777216"
    "memorysetup-job-temp-allocator-block-size=2097152"
    "memorysetup-job-temp-allocator-block-size-background=1048576"
    "memorysetup-job-temp-allocator-reduction-small-platforms=262144"
    "memorysetup-temp-allocator-size-background-worker=32768"
    "memorysetup-temp-allocator-size-job-worker=262144"
    "memorysetup-temp-allocator-size-preload-manager=33554432"
    "memorysetup-temp-allocator-size-nav-mesh-worker=65536"
    "memorysetup-temp-allocator-size-audio-worker=65536"
    "memorysetup-temp-allocator-size-cloud-worker=32768"
    "memorysetup-temp-allocator-size-gi-baking-worker=262144"
    "memorysetup-temp-allocator-size-gfx=262144"
Refreshing native plugins compatible for Editor in 63.63 ms, found 3 plugins.
Preloading 0 native plugins for Editor in 0.00 ms.
Initialize engine version: 2021.3.8f1 (b30333d56e81)
[Subsystems] Discovering subsystems at path C:/Program Files/Unity/Hub/Editor/2021.3.8f1/Editor/Data/Resources/UnitySubsystems
[Subsystems] Discovering subsystems at path C:/KOTFO/RPG/Knights of the Fourth Order/Assets
GfxDevice: creating device client; threaded=0; jobified=0
Direct3D:
    Version:  Direct3D 11.0 [level 11.1]
    Renderer: AMD Radeon RX 7900 XTX (ID=0x744c)
    Vendor:   ATI
    VRAM:     24512 MB
    Driver:   31.0.24027.1012
Initialize mono
Mono path[0] = 'C:/Program Files/Unity/Hub/Editor/2021.3.8f1/Editor/Data/Managed'
Mono path[1] = 'C:/Program Files/Unity/Hub/Editor/2021.3.8f1/Editor/Data/MonoBleedingEdge/lib/mono/unityjit-win32'
Mono config path = 'C:/Program Files/Unity/Hub/Editor/2021.3.8f1/Editor/Data/MonoBleedingEdge/etc'
Using monoOptions --debugger-agent=transport=dt_socket,embedding=1,server=y,suspend=n,address=127.0.0.1:56068
Begin MonoManager ReloadAssembly
Registering precompiled unity dll's ...
Register platform support module: C:/Program Files/Unity/Hub/Editor/2021.3.8f1/Editor/Data/PlaybackEngines/WebGLSupport/UnityEditor.WebGL.Extensions.dll
Register platform support module: C:/Program Files/Unity/Hub/Editor/2021.3.8f1/Editor/Data/PlaybackEngines/AndroidPlayer/UnityEditor.Android.Extensions.dll
Register platform support module: C:/Program Files/Unity/Hub/Editor/2021.3.8f1/Editor/Data/PlaybackEngines/WindowsStandaloneSupport/UnityEditor.WindowsStandalone.Extensions.dll
Register platform support module: C:/Program Files/Unity/Hub/Editor/2021.3.8f1/Editor/Data/PlaybackEngines/LinuxStandaloneSupport/UnityEditor.LinuxStandalone.Extensions.dll
Register platform support module: C:/Program Files/Unity/Hub/Editor/2021.3.8f1/Editor/Data/PlaybackEngines/MetroSupport/UnityEditor.UWP.Extensions.dll
Registered in 0.007025 seconds.
Native extension for UWP target not found
Native extension for LinuxStandalone target not found
Native extension for WindowsStandalone target not found
Native extension for Android target not found
Native extension for WebGL target not found
Refreshing native plugins compatible for Editor in 45.34 ms, found 3 plugins.
Preloading 0 native plugins for Editor in 0.00 ms.
Mono: successfully reloaded assembly
- Completed reload, in  0.534 seconds
Domain Reload Profiling:
	ReloadAssembly (535ms)
		BeginReloadAssembly (88ms)
			ExecutionOrderSort (0ms)
			DisableScriptedObjects (0ms)
			BackupInstance (0ms)
			ReleaseScriptingObjects (0ms)
			CreateAndSetChildDomain (1ms)
		EndReloadAssembly (346ms)
			LoadAssemblies (89ms)
			RebuildTransferFunctionScriptingTraits (0ms)
			SetupTypeCache (93ms)
			ReleaseScriptCaches (0ms)
			RebuildScriptCaches (17ms)
			SetupLoadedEditorAssemblies (195ms)
				LogAssemblyErrors (0ms)
				InitializePlatformSupportModulesInManaged (48ms)
				SetLoadedEditorAssemblies (0ms)
				RefreshPlugins (45ms)
				BeforeProcessingInitializeOnLoad (1ms)
				ProcessInitializeOnLoadAttributes (66ms)
				ProcessInitializeOnLoadMethodAttributes (34ms)
				AfterProcessingInitializeOnLoad (0ms)
				EditorAssembliesLoaded (0ms)
			ExecutionOrderSort2 (0ms)
			AwakeInstancesAfterBackupRestoration (0ms)
Platform modules already initialized, skipping
Registering precompiled user dll's ...
Registered in 0.004573 seconds.
Begin MonoManager ReloadAssembly
Symbol file LoadedFromMemory doesn't match image C:\KOTFO\RPG\Knights of the Fourth Order\Library\PackageCache\com.unity.visualscripting@1.7.8\Editor\VisualScripting.Core\Dependencies\YamlDotNet\Unity.VisualScripting.YamlDotNet.dll
Symbol file LoadedFromMemory doesn't match image C:\KOTFO\RPG\Knights of the Fourth Order\Library\PackageCache\com.unity.visualscripting@1.7.8\Editor\VisualScripting.Core\Dependencies\DotNetZip\Unity.VisualScripting.IonicZip.dll
Native extension for UWP target not found
Native extension for LinuxStandalone target not found
Native extension for WindowsStandalone target not found
Native extension for Android target not found
Native extension for WebGL target not found
Refreshing native plugins compatible for Editor in 0.40 ms, found 3 plugins.
Preloading 0 native plugins for Editor in 0.00 ms.
Mono: successfully reloaded assembly
- Completed reload, in  0.886 seconds
Domain Reload Profiling:
	ReloadAssembly (886ms)
		BeginReloadAssembly (171ms)
			ExecutionOrderSort (0ms)
			DisableScriptedObjects (4ms)
			BackupInstance (0ms)
			ReleaseScriptingObjects (0ms)
			CreateAndSetChildDomain (112ms)
		EndReloadAssembly (643ms)
			LoadAssemblies (76ms)
			RebuildTransferFunctionScriptingTraits (0ms)
			SetupTypeCache (250ms)
			ReleaseScriptCaches (0ms)
			RebuildScriptCaches (32ms)
			SetupLoadedEditorAssemblies (254ms)
				LogAssemblyErrors (0ms)
				InitializePlatformSupportModulesInManaged (15ms)
				SetLoadedEditorAssemblies (0ms)
				RefreshPlugins (0ms)
				BeforeProcessingInitializeOnLoad (54ms)
				ProcessInitializeOnLoadAttributes (159ms)
				ProcessInitializeOnLoadMethodAttributes (21ms)
				AfterProcessingInitializeOnLoad (5ms)
				EditorAssembliesLoaded (0ms)
			ExecutionOrderSort2 (0ms)
			AwakeInstancesAfterBackupRestoration (4ms)
Platform modules already initialized, skipping
========================================================================
Worker process is ready to serve import requests
Launched and connected shader compiler UnityShaderCompiler.exe after 0.04 seconds
Refreshing native plugins compatible for Editor in 0.44 ms, found 3 plugins.
Preloading 0 native plugins for Editor in 0.00 ms.
Unloading 3377 Unused Serialized files (Serialized files now loaded: 0)
Unloading 27 unused Assets / (110.9 KB). Loaded Objects now: 3837.
Memory consumption went from 116.4 MB to 116.3 MB.
Total: 2.942200 ms (FindLiveObjects: 0.186600 ms CreateObjectMapping: 0.095300 ms MarkObjects: 2.572400 ms  DeleteObjects: 0.087200 ms)

AssetImportParameters requested are different than current active one (requested -> active):
  custom:video-decoder-ogg-theora: a1e56fd34408186e4bbccfd4996cb3dc -> 
  custom:container-muxer-webm: aa71ff27fc2769a1b78a27578f13a17b -> 
  custom:container-demuxer-webm: 4f35f7cbe854078d1ac9338744f61a02 -> 
  custom:video-encoder-webm-vp8: eb34c28f22e8b96e1ab97ce403110664 -> 
  custom:video-codec-MediaFoundation-h265: 746d11721c4dcdbdad8f713fa42b33f4 -> 
  custom:audio-encoder-webm-vorbis: bf7c407c2cedff20999df2af8eb42d56 -> 
  custom:framework-win-MediaFoundation: 216162199b28c13a410421893ffa2e32 -> 
  custom:container-demuxer-ogg: 62fdf1f143b41e24485cea50d1cbac27 -> 
  custom:video-decoder-webm-vp8: 9c59270c3fd7afecdb556c50c9e8de78 -> 
  custom:audio-decoder-ogg-vorbis: bf7c407c2cedff20999df2af8eb42d56 -> 
========================================================================
Received Import Request.
  Time since last request: 184955.208532 seconds.
  path: Assets/Town flowers.fbx
  artifactKey: Guid(f275b8c001e5f6c4f8caf7545e2d5a0a) Importer(815301076,1909f56bfc062723c751e8b465ee728b)
Start importing Assets/Town flowers.fbx using Guid(f275b8c001e5f6c4f8caf7545e2d5a0a) Importer(815301076,1909f56bfc062723c751e8b465ee728b)  -> (artifact id: 'fc2991849a7257aef081d740627a3041') in 0.165183 seconds 
========================================================================
Received Prepare
Registering precompiled user dll's ...
Registered in 0.004648 seconds.
Begin MonoManager ReloadAssembly
Symbol file LoadedFromMemory doesn't match image C:\KOTFO\RPG\Knights of the Fourth Order\Library\PackageCache\com.unity.visualscripting@1.7.8\Editor\VisualScripting.Core\Dependencies\YamlDotNet\Unity.VisualScripting.YamlDotNet.dll
Symbol file LoadedFromMemory doesn't match image C:\KOTFO\RPG\Knights of the Fourth Order\Library\PackageCache\com.unity.visualscripting@1.7.8\Editor\VisualScripting.Core\Dependencies\DotNetZip\Unity.VisualScripting.IonicZip.dll
Native extension for UWP target not found
Native extension for LinuxStandalone target not found
Native extension for WindowsStandalone target not found
Native extension for Android target not found
Native extension for WebGL target not found
Refreshing native plugins compatible for Editor in 0.40 ms, found 3 plugins.
Preloading 0 native plugins for Editor in 0.00 ms.
Mono: successfully reloaded assembly
- Completed reload, in  0.670 seconds
Domain Reload Profiling:
	ReloadAssembly (671ms)
		BeginReloadAssembly (86ms)
			ExecutionOrderSort (0ms)
			DisableScriptedObjects (3ms)
			BackupInstance (0ms)
			ReleaseScriptingObjects (0ms)
			CreateAndSetChildDomain (21ms)
		EndReloadAssembly (516ms)
			LoadAssemblies (57ms)
			RebuildTransferFunctionScriptingTraits (0ms)
			SetupTypeCache (161ms)
			ReleaseScriptCaches (1ms)
			RebuildScriptCaches (25ms)
			SetupLoadedEditorAssemblies (237ms)
				LogAssemblyErrors (0ms)
				InitializePlatformSupportModulesInManaged (24ms)
				SetLoadedEditorAssemblies (0ms)
				RefreshPlugins (0ms)
				BeforeProcessingInitializeOnLoad (47ms)
				ProcessInitializeOnLoadAttributes (141ms)
				ProcessInitializeOnLoadMethodAttributes (19ms)
				AfterProcessingInitializeOnLoad (6ms)
				EditorAssembliesLoaded (0ms)
			ExecutionOrderSort2 (0ms)
			AwakeInstancesAfterBackupRestoration (6ms)
Platform modules already initialized, skipping
Refreshing native plugins compatible for Editor in 1.18 ms, found 3 plugins.
Preloading 0 native plugins for Editor in 0.00 ms.
Unloading 3372 Unused Serialized files (Serialized files now loaded: 0)
Unloading 20 unused Assets / (78.2 KB). Loaded Objects now: 3883.
Memory consumption went from 121.1 MB to 121.0 MB.
Total: 2.104000 ms (FindLiveObjects: 0.147700 ms CreateObjectMapping: 0.101500 ms MarkObjects: 1.802400 ms  DeleteObjects: 0.051800 ms)

AssetImportParameters requested are different than current active one (requested -> active):
  custom:video-decoder-ogg-theora: a1e56fd34408186e4bbccfd4996cb3dc -> 
  custom:container-muxer-webm: aa71ff27fc2769a1b78a27578f13a17b -> 
  custom:container-demuxer-webm: 4f35f7cbe854078d1ac9338744f61a02 -> 
  custom:video-encoder-webm-vp8: eb34c28f22e8b96e1ab97ce403110664 -> 
  custom:video-codec-MediaFoundation-h265: 746d11721c4dcdbdad8f713fa42b33f4 -> 
  custom:audio-encoder-webm-vorbis: bf7c407c2cedff20999df2af8eb42d56 -> 
  custom:framework-win-MediaFoundation: 216162199b28c13a410421893ffa2e32 -> 
  custom:container-demuxer-ogg: 62fdf1f143b41e24485cea50d1cbac27 -> 
  custom:video-decoder-webm-vp8: 9c59270c3fd7afecdb556c50c9e8de78 -> 
  custom:audio-decoder-ogg-vorbis: bf7c407c2cedff20999df2af8eb42d56 -> 
========================================================================
Received Import Request.
  Time since last request: 42.356679 seconds.
  path: Assets/Scenes/SampleScene.unity
  artifactKey: Guid(9fc0d4010bbf28b4594072e72b8655ab) Importer(815301076,1909f56bfc062723c751e8b465ee728b)
Start importing Assets/Scenes/SampleScene.unity using Guid(9fc0d4010bbf28b4594072e72b8655ab) Importer(815301076,1909f56bfc062723c751e8b465ee728b)  -> (artifact id: '4300abd85285b2643ec55e90e8a7e349') in 0.009173 seconds 
========================================================================
Received Import Request.
  Time since last request: 7.303050 seconds.
  path: Assets/Buildings/Blacksmith V2.fbx
  artifactKey: Guid(30f6d7e4c729695419449da706b3de46) Importer(815301076,1909f56bfc062723c751e8b465ee728b)
Start importing Assets/Buildings/Blacksmith V2.fbx using Guid(30f6d7e4c729695419449da706b3de46) Importer(815301076,1909f56bfc062723c751e8b465ee728b)  -> (artifact id: 'af8f8c93acbd7511f5afc23a26828771') in 0.120075 seconds 
========================================================================
Received Import Request.
  Time since last request: 0.000020 seconds.
  path: Assets/Buildings/House11 V2.fbx
  artifactKey: Guid(81a6858ab291af7438c96fda84ced929) Importer(815301076,1909f56bfc062723c751e8b465ee728b)
Start importing Assets/Buildings/House11 V2.fbx using Guid(81a6858ab291af7438c96fda84ced929) Importer(815301076,1909f56bfc062723c751e8b465ee728b)  -> (artifact id: '626c9df0a168b4a64324a60b75f5ba16') in 0.052445 seconds 
========================================================================
Received Import Request.
  Time since last request: 0.000022 seconds.
  path: Assets/Buildings/Bridge2 V2.fbx
  artifactKey: Guid(5d4b93ea059692248b485f64c02ffd55) Importer(815301076,1909f56bfc062723c751e8b465ee728b)
Start importing Assets/Buildings/Bridge2 V2.fbx using Guid(5d4b93ea059692248b485f64c02ffd55) Importer(815301076,1909f56bfc062723c751e8b465ee728b)  -> (artifact id: 'ea82bf0a409932cd2e66a24b807e6e5c') in 0.015709 seconds 
========================================================================
Received Import Request.
  Time since last request: 0.000019 seconds.
  path: Assets/Buildings/House4 V2.fbx
  artifactKey: Guid(8242d1d1daf98064e95ac4121ffe5d8b) Importer(815301076,1909f56bfc062723c751e8b465ee728b)
Start importing Assets/Buildings/House4 V2.fbx using Guid(8242d1d1daf98064e95ac4121ffe5d8b) Importer(815301076,1909f56bfc062723c751e8b465ee728b)  -> (artifact id: 'fbf646c6d38e42122fd394966fc3db08') in 0.040110 seconds 
========================================================================
Received Import Request.
  Time since last request: 0.000017 seconds.
  path: Assets/Buildings/House2 V2.fbx
  artifactKey: Guid(0584cfa9ec927044fbf1c3b51b65e877) Importer(815301076,1909f56bfc062723c751e8b465ee728b)
Start importing Assets/Buildings/House2 V2.fbx using Guid(0584cfa9ec927044fbf1c3b51b65e877) Importer(815301076,1909f56bfc062723c751e8b465ee728b)  -> (artifact id: 'eb3301cc4531354b6b7f20e415a962a0') in 0.045754 seconds 
========================================================================
Received Import Request.
  Time since last request: 0.000022 seconds.
  path: Assets/Buildings/House7 V2.fbx
  artifactKey: Guid(1ff5f5b716121f84ea4fce0236870e2e) Importer(815301076,1909f56bfc062723c751e8b465ee728b)
Start importing Assets/Buildings/House7 V2.fbx using Guid(1ff5f5b716121f84ea4fce0236870e2e) Importer(815301076,1909f56bfc062723c751e8b465ee728b)  -> (artifact id: '7de7435dd2e12c0a15e4c9f5839b19b4') in 0.039094 seconds 
========================================================================
Received Import Request.
  Time since last request: 0.000016 seconds.
  path: Assets/Buildings/House6 V2.fbx
  artifactKey: Guid(94aa1a6089ec46d4b8dc7db87b9ce16d) Importer(815301076,1909f56bfc062723c751e8b465ee728b)
Start importing Assets/Buildings/House6 V2.fbx using Guid(94aa1a6089ec46d4b8dc7db87b9ce16d) Importer(815301076,1909f56bfc062723c751e8b465ee728b)  -> (artifact id: 'd96ecf3bf63d15c4c2c6897d28624f96') in 0.037467 seconds 
========================================================================
Received Import Request.
  Time since last request: 0.000015 seconds.
  path: Assets/Buildings/House3 V2.fbx
  artifactKey: Guid(4658bd4bc3096594dba37711f0e2430f) Importer(815301076,1909f56bfc062723c751e8b465ee728b)
Start importing Assets/Buildings/House3 V2.fbx using Guid(4658bd4bc3096594dba37711f0e2430f) Importer(815301076,1909f56bfc062723c751e8b465ee728b)  -> (artifact id: '2b5351945531199b38ea77a514105ba8') in 0.036486 seconds 
========================================================================
Received Import Request.
  Time since last request: 0.000017 seconds.
  path: Assets/Buildings/Tree V2.fbx
  artifactKey: Guid(7d95be4987ce1b24da8fa0f0dfbd14a0) Importer(815301076,1909f56bfc062723c751e8b465ee728b)
Start importing Assets/Buildings/Tree V2.fbx using Guid(7d95be4987ce1b24da8fa0f0dfbd14a0) Importer(815301076,1909f56bfc062723c751e8b465ee728b)  -> (artifact id: 'ae0ec874ee77ebc1bad594adff4e4384') in 0.025305 seconds 
========================================================================
Received Import Request.
  Time since last request: 1.362640 seconds.
  path: Assets/Materials/Bark texture.jpg
  artifactKey: Guid(78d11f46addc1494b9af5e3f5968750e) Importer(815301076,1909f56bfc062723c751e8b465ee728b)
Start importing Assets/Materials/Bark texture.jpg using Guid(78d11f46addc1494b9af5e3f5968750e) Importer(815301076,1909f56bfc062723c751e8b465ee728b)  -> (artifact id: '81deb163ecdb163f8b762611e60441ec') in 0.020477 seconds 
========================================================================
Received Import Request.
  Time since last request: 0.000020 seconds.
  path: Assets/Materials/Coals.png
  artifactKey: Guid(4948bc70f0c85ff419581f32a4dd01a8) Importer(815301076,1909f56bfc062723c751e8b465ee728b)
Start importing Assets/Materials/Coals.png using Guid(4948bc70f0c85ff419581f32a4dd01a8) Importer(815301076,1909f56bfc062723c751e8b465ee728b)  -> (artifact id: '0d2de2620292e10dc7f101ca6785a763') in 0.012656 seconds 
========================================================================
Received Import Request.
  Time since last request: 0.000015 seconds.
  path: Assets/Materials/Metal.mat
  artifactKey: Guid(f20e52c4735660c47be12d448491d9ea) Importer(815301076,1909f56bfc062723c751e8b465ee728b)
Start importing Assets/Materials/Metal.mat using Guid(f20e52c4735660c47be12d448491d9ea) Importer(815301076,1909f56bfc062723c751e8b465ee728b)  -> (artifact id: 'd51349e8e7f5d7242143c24c4e81a888') in 0.035670 seconds 
========================================================================
Received Import Request.
  Time since last request: 0.000019 seconds.
  path: Assets/Materials/Stone baked.png
  artifactKey: Guid(d9a0d568b43ec514a911381756877573) Importer(815301076,1909f56bfc062723c751e8b465ee728b)
Start importing Assets/Materials/Stone baked.png using Guid(d9a0d568b43ec514a911381756877573) Importer(815301076,1909f56bfc062723c751e8b465ee728b)  -> (artifact id: '353faaf15182ff740214c262bc0fdd4a') in 0.015008 seconds 
========================================================================
Received Import Request.
  Time since last request: 0.000023 seconds.
  path: Assets/Materials/Log.mat
  artifactKey: Guid(46264a5531a49b546bdba0c900c9882e) Importer(815301076,1909f56bfc062723c751e8b465ee728b)
Start importing Assets/Materials/Log.mat using Guid(46264a5531a49b546bdba0c900c9882e) Importer(815301076,1909f56bfc062723c751e8b465ee728b)  -> (artifact id: '02bb498c6a287a62263d90e64e03bfd7') in 0.013746 seconds 
========================================================================
Received Import Request.
  Time since last request: 0.000016 seconds.
  path: Assets/Materials/Town terrain.mat
  artifactKey: Guid(a471674f6fdbbbf40acb3fa40953daea) Importer(815301076,1909f56bfc062723c751e8b465ee728b)
Start importing Assets/Materials/Town terrain.mat using Guid(a471674f6fdbbbf40acb3fa40953daea) Importer(815301076,1909f56bfc062723c751e8b465ee728b)  -> (artifact id: 'c2356f7a4c98cce79634a61571c35bb9') in 0.013944 seconds 
========================================================================
Received Import Request.
  Time since last request: 0.000021 seconds.
  path: Assets/Materials/Leaves.mat
  artifactKey: Guid(8ce5e1ea88689d44c95676a57d60905b) Importer(815301076,1909f56bfc062723c751e8b465ee728b)
Start importing Assets/Materials/Leaves.mat using Guid(8ce5e1ea88689d44c95676a57d60905b) Importer(815301076,1909f56bfc062723c751e8b465ee728b)  -> (artifact id: '3c73c1a5d349274c414c5608c95b7cb2') in 0.015020 seconds 
========================================================================
Received Import Request.
  Time since last request: 0.000015 seconds.
  path: Assets/Materials/Town terrain baked.png
  artifactKey: Guid(052109cbd2505ed41891b12ca64553db) Importer(815301076,1909f56bfc062723c751e8b465ee728b)
Start importing Assets/Materials/Town terrain baked.png using Guid(052109cbd2505ed41891b12ca64553db) Importer(815301076,1909f56bfc062723c751e8b465ee728b)  -> (artifact id: '1b159cc91012317296fa8568eccec39d') in 0.014450 seconds 
========================================================================
Received Import Request.
  Time since last request: 0.000019 seconds.
  path: Assets/Materials/Crosshatch window glow.mat
  artifactKey: Guid(c91bf7fa7f4500645846d5724f19bc33) Importer(815301076,1909f56bfc062723c751e8b465ee728b)
Start importing Assets/Materials/Crosshatch window glow.mat using Guid(c91bf7fa7f4500645846d5724f19bc33) Importer(815301076,1909f56bfc062723c751e8b465ee728b)  -> (artifact id: '03767345673f39c732458332ad090ee1') in 0.013188 seconds 
========================================================================
Received Import Request.
  Time since last request: 0.000015 seconds.
  path: Assets/Materials/Leaves baked..png
  artifactKey: Guid(f2d52f882bb48574fb9212e1f5505e3c) Importer(815301076,1909f56bfc062723c751e8b465ee728b)
Start importing Assets/Materials/Leaves baked..png using Guid(f2d52f882bb48574fb9212e1f5505e3c) Importer(815301076,1909f56bfc062723c751e8b465ee728b)  -> (artifact id: '49f0b82f9090e47f97d9d463f7ff38f0') in 0.013853 seconds 
========================================================================
Received Import Request.
  Time since last request: 0.000014 seconds.
  path: Assets/Materials/Wood baked.png
  artifactKey: Guid(8a3bdded14a72474c8c7dba9911cf5dd) Importer(815301076,1909f56bfc062723c751e8b465ee728b)
Start importing Assets/Materials/Wood baked.png using Guid(8a3bdded14a72474c8c7dba9911cf5dd) Importer(815301076,1909f56bfc062723c751e8b465ee728b)  -> (artifact id: '95f9949382e8cfd3473e7f62df04047b') in 0.056218 seconds 
========================================================================
Received Import Request.
  Time since last request: 0.000017 seconds.
  path: Assets/Materials/Stone.mat
  artifactKey: Guid(1acdcdc209d58ca438d6704c9e9ff728) Importer(815301076,1909f56bfc062723c751e8b465ee728b)
Start importing Assets/Materials/Stone.mat using Guid(1acdcdc209d58ca438d6704c9e9ff728) Importer(815301076,1909f56bfc062723c751e8b465ee728b)  -> (artifact id: '2d1f5952028979e430d113bd32d751e9') in 0.013257 seconds 
========================================================================
Received Import Request.
  Time since last request: 0.000015 seconds.
  path: Assets/Materials/Window glow with crosshatch baked.png
  artifactKey: Guid(7aee3548e21d7734198fa8efab427763) Importer(815301076,1909f56bfc062723c751e8b465ee728b)
Start importing Assets/Materials/Window glow with crosshatch baked.png using Guid(7aee3548e21d7734198fa8efab427763) Importer(815301076,1909f56bfc062723c751e8b465ee728b)  -> (artifact id: '62f3a03742b802b43c2a6579d3cc2cdf') in 0.010187 seconds 
========================================================================
Received Import Request.
  Time since last request: 0.000017 seconds.
  path: Assets/Materials/Water flow loop V2.mp4
  artifactKey: Guid(7b7c2b773457a16428e1e9826b1b5933) Importer(815301076,1909f56bfc062723c751e8b465ee728b)
Start importing Assets/Materials/Water flow loop V2.mp4 using Guid(7b7c2b773457a16428e1e9826b1b5933) Importer(815301076,1909f56bfc062723c751e8b465ee728b)  -> (artifact id: '94b4e6bc94564e9f4e503dd1d78a80fd') in 0.008684 seconds 
========================================================================
Received Import Request.
  Time since last request: 0.000015 seconds.
  path: Assets/Materials/Iron baked.png
  artifactKey: Guid(0ade00ad4017cec4e9da2b5516158208) Importer(815301076,1909f56bfc062723c751e8b465ee728b)
Start importing Assets/Materials/Iron baked.png using Guid(0ade00ad4017cec4e9da2b5516158208) Importer(815301076,1909f56bfc062723c751e8b465ee728b)  -> (artifact id: 'c4d5a7619ac25c1bb0163c81026f2a5f') in 0.014136 seconds 
========================================================================
Received Import Request.
  Time since last request: 0.000017 seconds.
  path: Assets/Materials/Log top view.png
  artifactKey: Guid(b31aee8504567424ba6aa2101bec98b5) Importer(815301076,1909f56bfc062723c751e8b465ee728b)
Start importing Assets/Materials/Log top view.png using Guid(b31aee8504567424ba6aa2101bec98b5) Importer(815301076,1909f56bfc062723c751e8b465ee728b)  -> (artifact id: '01d6c4608ba641137462f37d85cb5c17') in 0.011734 seconds 
========================================================================
Received Import Request.
  Time since last request: 0.000023 seconds.
  path: Assets/Materials/Bricks baked.png
  artifactKey: Guid(c8a12dbf9a693e9478df029c59fd326d) Importer(815301076,1909f56bfc062723c751e8b465ee728b)
Start importing Assets/Materials/Bricks baked.png using Guid(c8a12dbf9a693e9478df029c59fd326d) Importer(815301076,1909f56bfc062723c751e8b465ee728b)  -> (artifact id: '47f520bf268cd3d182082d4438485b5a') in 0.013407 seconds 
========================================================================
Received Import Request.
  Time since last request: 0.005615 seconds.
  path: Assets/Materials/White wall baked.png
  artifactKey: Guid(0aeb590bae431734e9dd6f9dcc9e5e69) Importer(815301076,1909f56bfc062723c751e8b465ee728b)
Start importing Assets/Materials/White wall baked.png using Guid(0aeb590bae431734e9dd6f9dcc9e5e69) Importer(815301076,1909f56bfc062723c751e8b465ee728b)  -> (artifact id: '3b3000d4b9ad4d23085f982239b224bb') in 0.013179 seconds 
========================================================================
Received Import Request.
  Time since last request: 0.000017 seconds.
  path: Assets/Materials/Coals.mat
  artifactKey: Guid(ec33d88c039735a4b99f5bb43edb9d99) Importer(815301076,1909f56bfc062723c751e8b465ee728b)
Start importing Assets/Materials/Coals.mat using Guid(ec33d88c039735a4b99f5bb43edb9d99) Importer(815301076,1909f56bfc062723c751e8b465ee728b)  -> (artifact id: '9870d351865a4bb74d19d6b306df662e') in 0.012304 seconds 
Editor requested this worker to shutdown with reason: Scaling down because of idle timeout
AssetImportWorker is now disconnected from the server
Process exiting
Exiting without the bug reporter. Application will terminate with return code 0